{
  "session_name": "all",
  "session_id": "20260120_210216",
  "start_time": "2026-01-20T21:02:16.800900",
  "command": "run_tests.py",
  "working_directory": "C:\\esp32-project",
  "python_version": "3.10.11 (tags/v3.10.11:7d4cc5a, Apr  5 2023, 00:38:17) [MSC v.1929 64 bit (AMD64)]",
  "events": [
    {
      "timestamp": "2026-01-20T21:02:16.803900",
      "type": "TEST_COMMAND",
      "data": {
        "command": "pytest -v",
        "test_type": "all"
      }
    },
    {
      "timestamp": "2026-01-20T21:07:48.346791",
      "type": "TEST_COMPLETED",
      "data": {
        "exit_code": 0,
        "status": "passed",
        "passed": 0,
        "failed": 0,
        "skipped": 0,
        "errors": 0,
        "warnings": 0,
        "total": 0,
        "duration_seconds": 0.0,
        "failed_tests": [],
        "coverage_percent": 67
      }
    },
    {
      "timestamp": "2026-01-20T21:07:48.347802",
      "type": "TEST_ERROR",
      "data": {
        "error": "'charmap' codec can't encode character '\\U0001f4dd' in position 2: character maps to <undefined>",
        "error_type": "UnicodeEncodeError"
      }
    },
    {
      "timestamp": "2026-01-20T21:07:48.350192",
      "type": "EXCEPTION",
      "data": {
        "type": "UnicodeEncodeError",
        "message": "'charmap' codec can't encode character '\\u274c' in position 2: character maps to <undefined>",
        "traceback": "Traceback (most recent call last):\n  File \"C:\\esp32-project\\run_tests.py\", line 183, in run_command_with_logging\n    print(f\"\\n\ud83d\udcdd Logs saved:\")\n  File \"C:\\esp32-project\\tools\\shared\\logging_config.py\", line 61, in write\n    self.original_stream.write(text)\n  File \"C:\\Users\\doghe\\AppData\\Local\\Programs\\Python\\Python310\\lib\\encodings\\cp1252.py\", line 19, in encode\n    return codecs.charmap_encode(input,self.errors,encoding_table)[0]\nUnicodeEncodeError: 'charmap' codec can't encode character '\\U0001f4dd' in position 2: character maps to <undefined>\n\nDuring handling of the above exception, another exception occurred:\n\nTraceback (most recent call last):\n  File \"C:\\esp32-project\\tools\\shared\\logging_config.py\", line 537, in capture_output\n    yield session\n  File \"C:\\esp32-project\\run_tests.py\", line 203, in run_command_with_logging\n    print(f\"\\n\u274c Error running tests: {e}\")\n  File \"C:\\esp32-project\\tools\\shared\\logging_config.py\", line 61, in write\n    self.original_stream.write(text)\n  File \"C:\\Users\\doghe\\AppData\\Local\\Programs\\Python\\Python310\\lib\\encodings\\cp1252.py\", line 19, in encode\n    return codecs.charmap_encode(input,self.errors,encoding_table)[0]\nUnicodeEncodeError: 'charmap' codec can't encode character '\\u274c' in position 2: character maps to <undefined>\n"
      }
    }
  ],
  "status": "failed",
  "end_time": "2026-01-20T21:07:48.351189",
  "duration_seconds": 331.550289
}