{
  "session_name": "all",
  "session_id": "20260120_202810",
  "start_time": "2026-01-20T20:28:10.664223",
  "command": "run_tests.py",
  "working_directory": "C:\\esp32-project",
  "python_version": "3.10.11 (tags/v3.10.11:7d4cc5a, Apr  5 2023, 00:38:17) [MSC v.1929 64 bit (AMD64)]",
  "events": [
    {
      "timestamp": "2026-01-20T20:28:10.668950",
      "type": "TEST_COMMAND",
      "data": {
        "command": "pytest -v",
        "test_type": "all"
      }
    },
    {
      "timestamp": "2026-01-20T20:32:08.719775",
      "type": "TEST_COMPLETED",
      "data": {
        "exit_code": 1,
        "status": "failed",
        "passed": 0,
        "failed": 0,
        "skipped": 0,
        "errors": 0,
        "warnings": 0,
        "total": 0,
        "duration_seconds": 0.0,
        "failed_tests": [
          {
            "name": "tools/script-generator/story_system/tests/test_story_extractor.py::TestStoryExtractor::test_determine_timeline_daily",
            "error": "AssertionError: assert <StoryTimeline.WEEKLY: 'weekly'> == <StoryTimeline.DAILY: 'daily'>"
          },
          {
            "name": "tools/script-generator/story_system/tests/test_story_extractor.py::TestStoryExtractor::test_build_acts_single_chunk",
            "error": "AssertionError: assert 5 == 1"
          },
          {
            "name": "tools/script-generator/story_system/tests/test_story_extractor.py::TestStoryExtractor::test_build_acts_two_chunks",
            "error": "AssertionError: assert 5 == 2"
          },
          {
            "name": "tools/script-generator/story_system/tests/test_story_extractor.py::TestStoryExtractor::test_build_acts_with_conflict",
            "error": "assert 5 == 3"
          }
        ],
        "coverage_percent": 66
      }
    }
  ],
  "status": "completed",
  "end_time": "2026-01-20T20:32:08.724198",
  "duration_seconds": 238.059975
}